
deerhunt: system execution failed.
Following is the set of recorded exceptions:

-------------------------------------------------------------------------------
Class / Object      Routine                Nature of exception           Effect
-------------------------------------------------------------------------------
ARRAY               make @2                has_default:                 
<0000028142631998>                         Precondition violated.        Fail
-------------------------------------------------------------------------------
WORLD               make @1                                             
<0000028142631978>                         Routine failure.              Fail
-------------------------------------------------------------------------------
GAME                make @2                                             
<00000281426315E8>                         Routine failure.              Fail
-------------------------------------------------------------------------------
ENTRY_POINT         make @1                                             
<00000281426315A8>                         Routine failure.              Fail
-------------------------------------------------------------------------------
ENTRY_POINT         root's creation                                     
<00000281426315A8>                         Routine failure.              Exit
-------------------------------------------------------------------------------
